<?xml version="1.0" encoding="UTF-8"?>
<testng-results ignored="0" total="1" passed="1" failed="0" skipped="0">
  <reporter-output>
  </reporter-output>
  <suite started-at="2024-05-17T17:04:58 IST" name="Suite" finished-at="2024-05-17T17:05:06 IST" duration-ms="7563">
    <groups>
    </groups>
    <test started-at="2024-05-17T17:04:58 IST" name="Test" finished-at="2024-05-17T17:05:06 IST" duration-ms="7563">
      <class name="test.Cricbuzz">
        <test-method signature="cricbuzz()[pri:0, instance:test.Cricbuzz@3c407114]" started-at="2024-05-17T17:04:58 IST" name="cricbuzz" finished-at="2024-05-17T17:05:06 IST" duration-ms="7510" status="PASS">
          <reporter-output>
          </reporter-output>
        </test-method> <!-- cricbuzz -->
      </class> <!-- test.Cricbuzz -->
    </test> <!-- Test -->
  </suite> <!-- Suite -->
</testng-results>
