<?xml version="1.0" encoding="UTF-8"?>
<testng-results ignored="0" total="1" passed="1" failed="0" skipped="0">
  <reporter-output>
  </reporter-output>
  <suite started-at="2024-05-18T14:15:19 IST" name="Default suite" finished-at="2024-05-18T14:15:46 IST" duration-ms="27111">
    <groups>
    </groups>
    <test started-at="2024-05-18T14:15:19 IST" name="Default test" finished-at="2024-05-18T14:15:46 IST" duration-ms="27111">
      <class name="test.Naukuri">
        <test-method is-config="true" signature="setUp()[pri:0, instance:test.Naukuri@235834f2]" started-at="2024-05-18T14:15:19 IST" name="setUp" finished-at="2024-05-18T14:15:29 IST" duration-ms="10042" status="PASS">
          <reporter-output>
          </reporter-output>
        </test-method> <!-- setUp -->
        <test-method signature="userLogin()[pri:0, instance:test.Naukuri@235834f2]" started-at="2024-05-18T14:15:29 IST" name="userLogin" finished-at="2024-05-18T14:15:45 IST" duration-ms="16176" status="PASS">
          <reporter-output>
          </reporter-output>
        </test-method> <!-- userLogin -->
        <test-method is-config="true" signature="tearDown()[pri:0, instance:test.Naukuri@235834f2]" started-at="2024-05-18T14:15:45 IST" name="tearDown" finished-at="2024-05-18T14:15:46 IST" duration-ms="778" status="PASS">
          <reporter-output>
          </reporter-output>
        </test-method> <!-- tearDown -->
      </class> <!-- test.Naukuri -->
    </test> <!-- Default test -->
  </suite> <!-- Default suite -->
</testng-results>
